#
# There is insufficient memory for the Java Runtime Environment to continue.
# Native memory allocation (mmap) failed to map 123731968 bytes. Error detail: G1 virtual space
# Possible reasons:
#   The system is out of physical RAM or swap space
#   This process is running with CompressedOops enabled, and the Java Heap may be blocking the growth of the native heap
# Possible solutions:
#   Reduce memory load on the system
#   Increase physical memory or swap space
#   Check if swap backing store is full
#   Decrease Java heap size (-Xmx/-Xms)
#   Decrease number of Java threads
#   Decrease Java thread stack sizes (-Xss)
#   Set larger code cache with -XX:ReservedCodeCacheSize=
#   JVM is running with Unscaled Compressed Oops mode in which the Java heap is
#     placed in the first 4GB address space. The Java Heap base address is the
#     maximum limit for the native heap growth. Please use -XX:HeapBaseMinAddress
#     to set the Java Heap base and to place the Java Heap above 4GB virtual address.
# This output file may be truncated or incomplete.
#
#  Out of Memory Error (os_windows.cpp:3554), pid=14220, tid=21124
#
# JRE version:  (25.0.2+10) (build )
# Java VM: Java HotSpot(TM) 64-Bit Server VM (25.0.2+10-LTS-69, mixed mode, sharing, tiered, compressed oops, compressed class ptrs, g1 gc, windows-amd64)
# No core dump will be written. Minidumps are not enabled by default on client versions of Windows
#

---------------  S U M M A R Y ------------

Command Line: -XX:+ShowCodeDetailsInExceptionMessages com.siakad.SiakadApp

Host: AMD Ryzen 7 5700U with Radeon Graphics         , 16 cores, 7G,  Windows 11 , 64 bit Build 22621 (10.0.22621.5415)
Time: Thu Jun 25 01:20:11 2026 SE Asia Standard Time elapsed time: 0.052541 seconds (0d 0h 0m 0s)

---------------  T H R E A D  ---------------

Current thread (0x0000015921dc0770):  JavaThread "Unknown thread" [_thread_in_vm, id=21124, stack(0x00000055b9500000,0x00000055b9600000) (1024K)]

Stack: [0x00000055b9500000,0x00000055b9600000]
Native frames: (J=compiled Java code, j=interpreted, Vv=VM code, C=native code)
V  [jvm.dll+0x7a70f9]  (no source info available)
V  [jvm.dll+0x772d6d]  (no source info available)
V  [jvm.dll+0x965d53]  (no source info available)
V  [jvm.dll+0x968351]  (no source info available)
V  [jvm.dll+0x968a63]  (no source info available)
V  [jvm.dll+0x2fc846]  (no source info available)
V  [jvm.dll+0x7a3325]  (no source info available)
V  [jvm.dll+0x796737]  (no source info available)
V  [jvm.dll+0x3f4988]  (no source info available)
V  [jvm.dll+0x3fc8d6]  (no source info available)
V  [jvm.dll+0x3e8f7e]  (no source info available)
V  [jvm.dll+0x3e9238]  (no source info available)
V  [jvm.dll+0x3c0145]  (no source info available)
V  [jvm.dll+0x3c0dce]  (no source info available)
V  [jvm.dll+0x92cdf7]  (no source info available)
V  [jvm.dll+0x458f02]  (no source info available)
V  [jvm.dll+0x9107a2]  (no source info available)
V  [jvm.dll+0x4f9331]  (no source info available)
V  [jvm.dll+0x4fabc1]  (no source info available)
C  [jli.dll+0x543e]  (no source info available)
C  [ucrtbase.dll+0x29333]  (no source info available)
C  [KERNEL32.DLL+0x1259d]  (no source info available)
C  [ntdll.dll+0x5af78]  (no source info available)

Lock stack of current Java thread (top to bottom):


---------------  P R O C E S S  ---------------

Threads class SMR info:
_java_thread_list=0x00007ffdb4d45388, length=0, elements={
}

Java Threads: ( => current thread )
Total: 0

Other Threads:
  0x00000159241e45d0 WorkerThread "GC Thread#0"                     [id=23068, stack(0x00000055b9600000,0x00000055b9700000) (1024K)]
  0x00000159241fb7e0 ConcurrentGCThread "G1 Main Marker"            [id=1624, stack(0x00000055b9700000,0x00000055b9800000) (1024K)]
  0x00000159241fe290 WorkerThread "G1 Conc#0"                       [id=24300, stack(0x00000055b9800000,0x00000055b9900000) (1024K)]

[error occurred during error reporting (printing all threads), id 0xc0000005, EXCEPTION_ACCESS_VIOLATION (0xc0000005) at pc=0x00007ffdb4424f1a]
VM state: not at safepoint (not fully initialized)

VM Mutex/Monitor currently owned by a thread:  ([mutex/lock_event])
[0x00007ffdb4dc9768] Heap_lock - owner thread: 0x0000015921dc0770

Heap address: 0x000000008ac00000, size: 1876 MB, Compressed Oops mode: 32-bit

CDS archive(s) mapped at: [0x0000000000000000-0x0000000000000000-0x0000000000000000), size 0, SharedBaseAddress: 0x0000000800000000, ArchiveRelocationMode: 1.
UseCompressedClassPointers 1, UseCompactObjectHeaders 0
Narrow klass pointer bits 32, Max shift 3
Narrow klass base: 0xffffffffffffffff, Narrow klass shift: -1
Encoding Range: [0xffffffffffffffff - 0x000000007fffffff), (2147483648 bytes)
Klass Range:    [0x0000000000000000 - 0x0000000000000000), (0 bytes)
Klass ID Range:  [4294967295 - 0) (1)
No protection zone.

GC Precious Log:
 CardTable entry size: 512
 Card Set container configuration: InlinePtr #cards 5 size 8 Array Of Cards #cards 10 size 36 Howl #buckets 4 coarsen threshold 1843 Howl Bitmap #cards 512 size 80 coarsen threshold 460 Card regions per heap region 1 cards per card region 2048

Heap:
 garbage-first heap   total reserved 1921024K, committed 0K, used 0K [0x000000008ac00000, 0x0000000100000000)
  region size 1024K, 0 young (0K), 0 survivors (0K)

Heap Regions: E=young(eden), S=young(survivor), O=old, HS=humongous(starts), HC=humongous(continues), CS=collection set, F=free, TAMS=top-at-mark-start, PB=parsable bottom

Card table byte_map: [0x000001593c650000,0x000001593ca00000] _byte_map_base: 0x000001593c1fa000

Marking Bits: (CMBitMap*) 0x00000159241e4d60
 Bits: [0x000001593ca00000, 0x000001593e750000)

GC Heap Usage History (0 events):
No events

Metaspace Usage History (0 events):
No events

Dll operation events (1 events):
Event: 0.020 Loaded shared library C:\Program Files\Java\jdk-25.0.2\bin\java.dll

Deoptimization events (0 events):
No events

Classes loaded (0 events):
No events

Classes unloaded (0 events):
No events

Classes redefined (0 events):
No events

Internal exceptions (0 events):
No events

VM Operations (0 events):
No events

Memory protections (0 events):
No events

Nmethod flushes (0 events):
No events

Events (0 events):
No events


Dynamic libraries:
0x00007ff65d500000 - 0x00007ff65d510000 	C:\Program Files\Java\jdk-25.0.2\bin\java.exe
0x00007ffe16ad0000 - 0x00007ffe16ce7000 	C:\WINDOWS\SYSTEM32\ntdll.dll
0x00007ffe14850000 - 0x00007ffe14914000 	C:\WINDOWS\System32\KERNEL32.DLL
0x00007ffe13bc0000 - 0x00007ffe13f92000 	C:\WINDOWS\System32\KERNELBASE.dll
0x00007ffe143d0000 - 0x00007ffe144e1000 	C:\WINDOWS\System32\ucrtbase.dll
0x00007ffdfe0d0000 - 0x00007ffdfe0ee000 	C:\Program Files\Java\jdk-25.0.2\bin\VCRUNTIME140.dll
0x00007ffddc740000 - 0x00007ffddc757000 	C:\Program Files\Java\jdk-25.0.2\bin\jli.dll
0x00007ffe150e0000 - 0x00007ffe15291000 	C:\WINDOWS\System32\USER32.dll
0x00007ffe13fa0000 - 0x00007ffe13fc6000 	C:\WINDOWS\System32\win32u.dll
0x00007ffdf8390000 - 0x00007ffdf862b000 	C:\WINDOWS\WinSxS\amd64_microsoft.windows.common-controls_6595b64144ccf1df_6.0.22621.5547_none_27104afb73855772\COMCTL32.dll
0x00007ffe14c10000 - 0x00007ffe14c39000 	C:\WINDOWS\System32\GDI32.dll
0x00007ffe15a90000 - 0x00007ffe15b37000 	C:\WINDOWS\System32\msvcrt.dll
0x00007ffe144f0000 - 0x00007ffe14613000 	C:\WINDOWS\System32\gdi32full.dll
0x00007ffe14330000 - 0x00007ffe143ca000 	C:\WINDOWS\System32\msvcp_win.dll
0x00007ffe152a0000 - 0x00007ffe152d1000 	C:\WINDOWS\System32\IMM32.DLL
0x00007ffe0f950000 - 0x00007ffe0f95c000 	C:\Program Files\Java\jdk-25.0.2\bin\vcruntime140_1.dll
0x00007ffdf0c10000 - 0x00007ffdf0c9d000 	C:\Program Files\Java\jdk-25.0.2\bin\msvcp140.dll
0x00007ffdb4050000 - 0x00007ffdb4eaf000 	C:\Program Files\Java\jdk-25.0.2\bin\server\jvm.dll
0x00007ffe165b0000 - 0x00007ffe16661000 	C:\WINDOWS\System32\ADVAPI32.dll
0x00007ffe152e0000 - 0x00007ffe15388000 	C:\WINDOWS\System32\sechost.dll
0x00007ffe14190000 - 0x00007ffe141b8000 	C:\WINDOWS\System32\bcrypt.dll
0x00007ffe14920000 - 0x00007ffe14a34000 	C:\WINDOWS\System32\RPCRT4.dll
0x00007ffe16670000 - 0x00007ffe166e1000 	C:\WINDOWS\System32\WS2_32.dll
0x00007ffe13640000 - 0x00007ffe1368d000 	C:\WINDOWS\SYSTEM32\POWRPROF.dll
0x00007ffe0ea30000 - 0x00007ffe0ea64000 	C:\WINDOWS\SYSTEM32\WINMM.dll
0x00007ffe0c9f0000 - 0x00007ffe0c9fa000 	C:\WINDOWS\SYSTEM32\VERSION.dll
0x00007ffe13530000 - 0x00007ffe13543000 	C:\WINDOWS\SYSTEM32\UMPDC.dll
0x00007ffe12bd0000 - 0x00007ffe12be8000 	C:\WINDOWS\SYSTEM32\kernel.appcore.dll
0x00007ffe0f380000 - 0x00007ffe0f38a000 	C:\Program Files\Java\jdk-25.0.2\bin\jimage.dll
0x00007ffe0a830000 - 0x00007ffe0aa63000 	C:\WINDOWS\SYSTEM32\DBGHELP.DLL
0x00007ffe166f0000 - 0x00007ffe16a83000 	C:\WINDOWS\System32\combase.dll
0x00007ffe14760000 - 0x00007ffe14837000 	C:\WINDOWS\System32\OLEAUT32.dll
0x00007ffdf5ae0000 - 0x00007ffdf5b12000 	C:\WINDOWS\SYSTEM32\dbgcore.DLL
0x00007ffe146e0000 - 0x00007ffe1475b000 	C:\WINDOWS\System32\bcryptPrimitives.dll
0x00007ffdfdcd0000 - 0x00007ffdfdcef000 	C:\Program Files\Java\jdk-25.0.2\bin\java.dll
0x00007ffe15390000 - 0x00007ffe15530000 	C:\WINDOWS\System32\ole32.dll
0x00007ffe15c40000 - 0x00007ffe164e2000 	C:\WINDOWS\System32\SHELL32.dll
0x00007ffe14050000 - 0x00007ffe1418f000 	C:\WINDOWS\System32\wintypes.dll

JVMTI agents: none

dbghelp: loaded successfully - version: 4.0.5 - missing functions: none
symbol engine: initialized successfully - sym options: 0x614 - pdb path: .;C:\Program Files\Java\jdk-25.0.2\bin;C:\WINDOWS\SYSTEM32;C:\WINDOWS\WinSxS\amd64_microsoft.windows.common-controls_6595b64144ccf1df_6.0.22621.5547_none_27104afb73855772;C:\Program Files\Java\jdk-25.0.2\bin\server

VM Arguments:
jvm_args: -XX:+ShowCodeDetailsInExceptionMessages 
java_command: com.siakad.SiakadApp
java_class_path (initial): C:\Users\HP\AppData\Roaming\Code\User\workspaceStorage\72f07dd432dcda189e2d19abc41b9177\redhat.java\jdt_ws\THT_9b1935d4\bin
Launcher Type: SUN_STANDARD

[Global flags]
     intx CICompilerCount                          = 12                                        {product} {ergonomic}
     uint ConcGCThreads                            = 3                                         {product} {ergonomic}
     uint G1ConcRefinementThreads                  = 13                                        {product} {ergonomic}
   size_t G1HeapRegionSize                         = 1048576                                   {product} {ergonomic}
   size_t InitialHeapSize                          = 123731968                                 {product} {ergonomic}
   size_t MarkStackSize                            = 4194304                                   {product} {ergonomic}
   size_t MarkStackSizeMax                         = 536870912                                 {product} {ergonomic}
   size_t MaxHeapSize                              = 1967128576                                {product} {ergonomic}
   size_t MinHeapDeltaBytes                        = 1048576                                   {product} {ergonomic}
   size_t MinHeapSize                              = 8388608                                   {product} {ergonomic}
    uintx NonNMethodCodeHeapSize                   = 7602176                                {pd product} {ergonomic}
    uintx NonProfiledCodeHeapSize                  = 122093568                              {pd product} {ergonomic}
    uintx ProfiledCodeHeapSize                     = 121962496                              {pd product} {ergonomic}
    uintx ReservedCodeCacheSize                    = 251658240                              {pd product} {ergonomic}
     bool SegmentedCodeCache                       = true                                      {product} {ergonomic}
     bool ShowCodeDetailsInExceptionMessages       = true                                   {manageable} {command line}
   size_t SoftMaxHeapSize                          = 1967128576                             {manageable} {ergonomic}
     bool UseCompressedOops                        = true                           {product lp64_product} {ergonomic}
     bool UseG1GC                                  = true                                      {product} {ergonomic}
     bool UseLargePagesIndividualAllocation        = false                                  {pd product} {ergonomic}

Logging:
Log output configuration:
 #0: stdout all=warning uptime,level,tags foldmultilines=false
 #1: stderr all=off uptime,level,tags foldmultilines=false

Release file:
<release file has not been read>
Environment Variables:
PATH=C:\Program Files\Common Files\Oracle\Java\javapath;D:\oracle\dbhomeXE\bin;C:\WINDOWS\system32;C:\WINDOWS;C:\WINDOWS\System32\Wbem;C:\WINDOWS\System32\WindowsPowerShell\v1.0\;C:\WINDOWS\System32\OpenSSH\;C:\Program Files\dotnet\;C:\MinGW\bin;C:\Program Files\Git\cmd;C:\Program Files\PuTTY\;C:\Program Files\Tailscale\;C:\Users\HP\AppData\Local\Programs\Python\Python313\Scripts\;C:\Users\HP\AppData\Local\Programs\Python\Python313\;C:\Users\HP\AppData\Local\Programs\Python\Launcher\;C:\Users\HP\AppData\Local\Microsoft\WindowsApps;;C:\Users\HP\AppData\Local\Programs\Microsoft VS Code\bin;D:\Python\PyCharm 2025.2.1.1\bin;D:\Application system\Antigravity IDE\bin;c:\Users\HP\.vscode\extensions\vscjava.vscode-java-debug-0.59.0\bundled\scripts\noConfigScripts
USERNAME=HP
LANG=en_US.UTF-8
OS=Windows_NT
PROCESSOR_IDENTIFIER=AMD64 Family 23 Model 104 Stepping 1, AuthenticAMD
TMP=C:\Users\HP\AppData\Local\Temp
TEMP=C:\Users\HP\AppData\Local\Temp




Compilation memory statistics disabled.

Periodic native trim disabled

---------------  S Y S T E M  ---------------

OS:
 Windows 11 , 64 bit Build 22621 (10.0.22621.5415)
OS uptime: 0 days 1:35 hours
Hyper-V role detected

CPU: total 16 (initial active 16) (16 cores per cpu, 2 threads per core) family 23 model 104 stepping 1 microcode 0x0, cx8, cmov, fxsr, ht, mmx, 3dnowpref, sse, sse2, sse3, ssse3, sse4a, sse4.1, sse4.2, popcnt, lzcnt, tsc, tscinvbit, avx, avx2, aes, clmul, bmi1, bmi2, adx, sha, fma, vzeroupper, clflush, clflushopt, clwb, hv, rdtscp, rdpid, f16c
Processor Information for the first 16 processors :
  Max Mhz: 1801, Current Mhz: 1801, Mhz Limit: 1801

Memory: 4k page, system-wide physical 7501M (425M free)
TotalPageFile size 18356M (AvailPageFile size 84M)
current process WorkingSet (physical memory assigned to process): 12M, peak: 12M
current process commit charge ("private bytes"): 71M, peak: 189M

vm_info: Java HotSpot(TM) 64-Bit Server VM (25.0.2+10-LTS-69) for windows-amd64 JRE (25.0.2+10-LTS-69), built on 2025-12-18T11:36:35Z with MS VC++ 17.13 (VS2022)

END.
